2025-08-20 17:06:13,946 - waitress - INFO - Serving on http://0.0.0.0:8080
2025-08-20 17:06:20,532 - myapp - ERROR - Exception on / [GET]
Traceback (most recent call last):
  File "flask\app.py", line 1511, in wsgi_app
  File "flask\app.py", line 919, in full_dispatch_request
  File "flask\app.py", line 917, in full_dispatch_request
  File "flask\app.py", line 902, in dispatch_request
  File "myapp\routes.py", line 11, in index
  File "flask\templating.py", line 149, in render_template
  File "jinja2\environment.py", line 1087, in get_or_select_template
  File "jinja2\environment.py", line 1016, in get_template
  File "jinja2\environment.py", line 975, in _load_template
  File "jinja2\loaders.py", line 126, in load
  File "flask\templating.py", line 65, in get_source
  File "flask\templating.py", line 99, in _get_source_fast
jinja2.exceptions.TemplateNotFound: index.html
2025-08-20 17:06:21,248 - myapp - ERROR - Exception on / [GET]
Traceback (most recent call last):
  File "flask\app.py", line 1511, in wsgi_app
  File "flask\app.py", line 919, in full_dispatch_request
  File "flask\app.py", line 917, in full_dispatch_request
  File "flask\app.py", line 902, in dispatch_request
  File "myapp\routes.py", line 11, in index
  File "flask\templating.py", line 149, in render_template
  File "jinja2\environment.py", line 1087, in get_or_select_template
  File "jinja2\environment.py", line 1016, in get_template
  File "jinja2\environment.py", line 975, in _load_template
  File "jinja2\loaders.py", line 126, in load
  File "flask\templating.py", line 65, in get_source
  File "flask\templating.py", line 99, in _get_source_fast
jinja2.exceptions.TemplateNotFound: index.html
2025-08-20 17:06:22,081 - myapp - ERROR - Exception on / [GET]
Traceback (most recent call last):
  File "flask\app.py", line 1511, in wsgi_app
  File "flask\app.py", line 919, in full_dispatch_request
  File "flask\app.py", line 917, in full_dispatch_request
  File "flask\app.py", line 902, in dispatch_request
  File "myapp\routes.py", line 11, in index
  File "flask\templating.py", line 149, in render_template
  File "jinja2\environment.py", line 1087, in get_or_select_template
  File "jinja2\environment.py", line 1016, in get_template
  File "jinja2\environment.py", line 975, in _load_template
  File "jinja2\loaders.py", line 126, in load
  File "flask\templating.py", line 65, in get_source
  File "flask\templating.py", line 99, in _get_source_fast
jinja2.exceptions.TemplateNotFound: index.html
